Determining if the pthread_create exist failed with the following output:
Change Dir: /home/bobo/Desktop/ICPCUDA-master/build/CMakeFiles/CMakeTmp

Run Build Command:"/usr/bin/make" "cmTC_7aeb2/fast"
/usr/bin/make -f CMakeFiles/cmTC_7aeb2.dir/build.make CMakeFiles/cmTC_7aeb2.dir/build
make[1]: Entering directory '/home/bobo/Desktop/ICPCUDA-master/build/CMakeFiles/CMakeTmp'
Building C object CMakeFiles/cmTC_7aeb2.dir/CheckSymbolExists.c.o
/usr/bin/cc   -fPIC    -o CMakeFiles/cmTC_7aeb2.dir/CheckSymbolExists.c.o   -c /home/bobo/Desktop/ICPCUDA-master/build/CMakeFiles/CMakeTmp/CheckSymbolExists.c
Linking C executable cmTC_7aeb2
/usr/local/bin/cmake -E cmake_link_script CMakeFiles/cmTC_7aeb2.dir/link.txt --verbose=1
/usr/bin/cc -fPIC     -rdynamic CMakeFiles/cmTC_7aeb2.dir/CheckSymbolExists.c.o  -o cmTC_7aeb2 
CMakeFiles/cmTC_7aeb2.dir/CheckSymbolExists.c.o: In function `main':
CheckSymbolExists.c:(.text+0x1b): undefined reference to `pthread_create'
collect2: error: ld returned 1 exit status
CMakeFiles/cmTC_7aeb2.dir/build.make:86: recipe for target 'cmTC_7aeb2' failed
make[1]: *** [cmTC_7aeb2] Error 1
make[1]: Leaving directory '/home/bobo/Desktop/ICPCUDA-master/build/CMakeFiles/CMakeTmp'
Makefile:121: recipe for target 'cmTC_7aeb2/fast' failed
make: *** [cmTC_7aeb2/fast] Error 2

File /home/bobo/Desktop/ICPCUDA-master/build/CMakeFiles/CMakeTmp/CheckSymbolExists.c:
/* */
#include <pthread.h>

int main(int argc, char** argv)
{
  (void)argv;
#ifndef pthread_create
  return ((int*)(&pthread_create))[argc];
#else
  (void)argc;
  return 0;
#endif
}

Determining if the function pthread_create exists in the pthreads failed with the following output:
Change Dir: /home/bobo/Desktop/ICPCUDA-master/build/CMakeFiles/CMakeTmp

Run Build Command:"/usr/bin/make" "cmTC_3c5ab/fast"
/usr/bin/make -f CMakeFiles/cmTC_3c5ab.dir/build.make CMakeFiles/cmTC_3c5ab.dir/build
make[1]: Entering directory '/home/bobo/Desktop/ICPCUDA-master/build/CMakeFiles/CMakeTmp'
Building C object CMakeFiles/cmTC_3c5ab.dir/CheckFunctionExists.c.o
/usr/bin/cc   -fPIC -DCHECK_FUNCTION_EXISTS=pthread_create   -o CMakeFiles/cmTC_3c5ab.dir/CheckFunctionExists.c.o   -c /usr/local/share/cmake-3.13/Modules/CheckFunctionExists.c
Linking C executable cmTC_3c5ab
/usr/local/bin/cmake -E cmake_link_script CMakeFiles/cmTC_3c5ab.dir/link.txt --verbose=1
/usr/bin/cc -fPIC -DCHECK_FUNCTION_EXISTS=pthread_create    -rdynamic CMakeFiles/cmTC_3c5ab.dir/CheckFunctionExists.c.o  -o cmTC_3c5ab -lpthreads 
/usr/bin/x86_64-linux-gnu-ld: cannot find -lpthreads
collect2: error: ld returned 1 exit status
CMakeFiles/cmTC_3c5ab.dir/build.make:86: recipe for target 'cmTC_3c5ab' failed
make[1]: *** [cmTC_3c5ab] Error 1
make[1]: Leaving directory '/home/bobo/Desktop/ICPCUDA-master/build/CMakeFiles/CMakeTmp'
Makefile:121: recipe for target 'cmTC_3c5ab/fast' failed
make: *** [cmTC_3c5ab/fast] Error 2


